<?xml version="1.0" encoding="UTF-8"?>
<testsuite name="de.lion5.spring.dvd.unit.controller.UserControllerTest" tests="4" skipped="0" failures="0" errors="0" timestamp="2021-07-05T22:50:51" hostname="DESKTOP-NSA96V2" time="0.089">
  <properties/>
  <testcase name="postUsersRequest_changeUserRightsToAdmin(UserRepository)" classname="de.lion5.spring.dvd.unit.controller.UserControllerTest" time="0.041"/>
  <testcase name="getUsersRequest_allUsers_notAuthenticated()" classname="de.lion5.spring.dvd.unit.controller.UserControllerTest" time="0.008"/>
  <testcase name="getUsersRequest_allUsers_authenticated()" classname="de.lion5.spring.dvd.unit.controller.UserControllerTest" time="0.028"/>
  <testcase name="postUsersRequest_userNotFound()" classname="de.lion5.spring.dvd.unit.controller.UserControllerTest" time="0.008"/>
  <system-out><![CDATA[2021-07-06 00:50:51.856  INFO 20348 --- [    Test worker] .b.t.c.SpringBootTestContextBootstrapper : Neither @ContextConfiguration nor @ContextHierarchy found for test class [de.lion5.spring.dvd.unit.controller.UserControllerTest], using SpringBootContextLoader
2021-07-06 00:50:51.857  INFO 20348 --- [    Test worker] o.s.t.c.support.AbstractContextLoader    : Could not detect default resource locations for test class [de.lion5.spring.dvd.unit.controller.UserControllerTest]: no resource found for suffixes {-context.xml, Context.groovy}.
2021-07-06 00:50:51.857  INFO 20348 --- [    Test worker] t.c.s.AnnotationConfigContextLoaderUtils : Could not detect default configuration classes for test class [de.lion5.spring.dvd.unit.controller.UserControllerTest]: UserControllerTest does not declare any static, non-private, non-final, nested classes annotated with @Configuration.
2021-07-06 00:50:51.861  INFO 20348 --- [    Test worker] .b.t.c.SpringBootTestContextBootstrapper : Found @SpringBootConfiguration de.lion5.spring.dvd.DvdStoreApplication for test class de.lion5.spring.dvd.unit.controller.UserControllerTest
2021-07-06 00:50:51.863  INFO 20348 --- [    Test worker] .b.t.c.SpringBootTestContextBootstrapper : Loaded default TestExecutionListener class names from location [META-INF/spring.factories]: [org.springframework.security.test.context.support.WithSecurityContextTestExecutionListener, org.springframework.security.test.context.support.ReactorContextTestExecutionListener, org.springframework.boot.test.autoconfigure.restdocs.RestDocsTestExecutionListener, org.springframework.boot.test.autoconfigure.web.client.MockRestServiceServerResetTestExecutionListener, org.springframework.boot.test.autoconfigure.web.servlet.MockMvcPrintOnlyOnFailureTestExecutionListener, org.springframework.boot.test.autoconfigure.web.servlet.WebDriverTestExecutionListener, org.springframework.boot.test.autoconfigure.webservices.client.MockWebServiceServerTestExecutionListener, org.springframework.boot.test.mock.mockito.MockitoTestExecutionListener, org.springframework.boot.test.mock.mockito.ResetMocksTestExecutionListener, org.springframework.test.context.web.ServletTestExecutionListener, org.springframework.test.context.support.DirtiesContextBeforeModesTestExecutionListener, org.springframework.test.context.support.DependencyInjectionTestExecutionListener, org.springframework.test.context.support.DirtiesContextTestExecutionListener, org.springframework.test.context.transaction.TransactionalTestExecutionListener, org.springframework.test.context.jdbc.SqlScriptsTestExecutionListener, org.springframework.test.context.event.EventPublishingTestExecutionListener]
2021-07-06 00:50:51.865  INFO 20348 --- [    Test worker] .b.t.c.SpringBootTestContextBootstrapper : Using TestExecutionListeners: [org.springframework.test.context.web.ServletTestExecutionListener@6f030b80, org.springframework.test.context.support.DirtiesContextBeforeModesTestExecutionListener@553d11ec, org.springframework.boot.test.mock.mockito.MockitoTestExecutionListener@4ff7b52d, org.springframework.boot.test.autoconfigure.SpringBootDependencyInjectionTestExecutionListener@6d59720d, org.springframework.test.context.support.DirtiesContextTestExecutionListener@1a713b2d, org.springframework.test.context.transaction.TransactionalTestExecutionListener@277eebfe, org.springframework.test.context.jdbc.SqlScriptsTestExecutionListener@55d26ce1, org.springframework.security.test.context.support.WithSecurityContextTestExecutionListener@733da54c, org.springframework.test.context.event.EventPublishingTestExecutionListener@60864055, org.springframework.security.test.context.support.ReactorContextTestExecutionListener@307766a0, org.springframework.boot.test.autoconfigure.restdocs.RestDocsTestExecutionListener@7684b12b, org.springframework.boot.test.autoconfigure.web.client.MockRestServiceServerResetTestExecutionListener@688d6d72, org.springframework.boot.test.autoconfigure.web.servlet.MockMvcPrintOnlyOnFailureTestExecutionListener@3adb0cde, org.springframework.boot.test.autoconfigure.web.servlet.WebDriverTestExecutionListener@31123f43, org.springframework.boot.test.autoconfigure.webservices.client.MockWebServiceServerTestExecutionListener@624cdda3, org.springframework.boot.test.mock.mockito.ResetMocksTestExecutionListener@61a9ca65]
2021-07-06 00:50:51.869 TRACE 20348 --- [    Test worker] t.a.AnnotationTransactionAttributeSource : Adding transactional method 'de.lion5.spring.dvd.unit.controller.UserControllerTest.postUsersRequest_changeUserRightsToAdmin' with attribute: PROPAGATION_REQUIRED,ISOLATION_DEFAULT
2021-07-06 00:50:51.871 TRACE 20348 --- [    Test worker] .s.t.s.TransactionSynchronizationManager : Bound value [org.springframework.jdbc.datasource.ConnectionHolder@233e4878] for key [HikariDataSource (HikariPool-7)] to thread [Test worker]
2021-07-06 00:50:51.871 TRACE 20348 --- [    Test worker] .s.t.s.TransactionSynchronizationManager : Bound value [org.springframework.orm.jpa.EntityManagerHolder@279b3879] for key [org.springframework.orm.jpa.LocalContainerEntityManagerFactoryBean@4e9005c8] to thread [Test worker]
2021-07-06 00:50:51.871 TRACE 20348 --- [    Test worker] .s.t.s.TransactionSynchronizationManager : Initializing transaction synchronization
2021-07-06 00:50:51.872  INFO 20348 --- [    Test worker] o.s.t.c.transaction.TransactionContext   : Began transaction (1) for test context [DefaultTestContext@84e340d testClass = UserControllerTest, testInstance = de.lion5.spring.dvd.unit.controller.UserControllerTest@3fb47f61, testMethod = postUsersRequest_changeUserRightsToAdmin@UserControllerTest, testException = [null], mergedContextConfiguration = [WebMergedContextConfiguration@6e988d67 testClass = UserControllerTest, locations = '{}', classes = '{class de.lion5.spring.dvd.DvdStoreApplication}', contextInitializerClasses = '[]', activeProfiles = '{}', propertySourceLocations = '{}', propertySourceProperties = '{org.springframework.boot.test.context.SpringBootTestContextBootstrapper=true}', contextCustomizers = set[org.springframework.boot.test.autoconfigure.properties.PropertyMappingContextCustomizer@4b3fa0b3, org.springframework.boot.test.autoconfigure.web.servlet.WebDriverContextCustomizerFactory$Customizer@74e1f71f, [ImportsContextCustomizer@10be283d key = [org.springframework.boot.test.autoconfigure.web.servlet.MockMvcAutoConfiguration, org.springframework.boot.test.autoconfigure.web.servlet.MockMvcWebClientAutoConfiguration, org.springframework.boot.test.autoconfigure.web.servlet.MockMvcWebDriverAutoConfiguration, org.springframework.boot.autoconfigure.security.oauth2.client.servlet.OAuth2ClientAutoConfiguration, org.springframework.boot.autoconfigure.security.oauth2.resource.servlet.OAuth2ResourceServerAutoConfiguration, org.springframework.boot.autoconfigure.security.servlet.SecurityAutoConfiguration, org.springframework.boot.autoconfigure.security.servlet.SecurityFilterAutoConfiguration, org.springframework.boot.autoconfigure.security.servlet.UserDetailsServiceAutoConfiguration, org.springframework.boot.test.autoconfigure.web.servlet.MockMvcSecurityConfiguration]], org.springframework.boot.test.context.filter.ExcludeFilterContextCustomizer@40bd1aa, org.springframework.boot.test.json.DuplicateJsonObjectContextCustomizerFactory$DuplicateJsonObjectContextCustomizer@65fccbd3, org.springframework.boot.test.mock.mockito.MockitoContextCustomizer@80cc32bc, org.springframework.boot.test.web.client.TestRestTemplateContextCustomizer@253df871, org.springframework.boot.test.context.SpringBootTestArgs@1], resourceBasePath = 'src/main/webapp', contextLoader = 'org.springframework.boot.test.context.SpringBootContextLoader', parent = [null]], attributes = map['org.springframework.test.context.web.ServletTestExecutionListener.activateListener' -> true, 'org.springframework.test.context.web.ServletTestExecutionListener.populatedRequestContextHolder' -> true, 'org.springframework.test.context.web.ServletTestExecutionListener.resetRequestContextHolder' -> true]]; transaction manager [org.springframework.orm.jpa.JpaTransactionManager@43e94949]; rollback [true]
2021-07-06 00:50:51.876 TRACE 20348 --- [    Test worker] .s.t.s.TransactionSynchronizationManager : Bound value [org.springframework.data.jpa.repository.support.CrudMethodMetadataPostProcessor$DefaultCrudMethodMetadata@3e3dd13c] for key [public abstract java.lang.Object org.springframework.data.repository.CrudRepository.save(java.lang.Object)] to thread [Test worker]
2021-07-06 00:50:51.876 TRACE 20348 --- [    Test worker] .s.t.s.TransactionSynchronizationManager : Retrieved value [org.springframework.orm.jpa.EntityManagerHolder@279b3879] for key [org.springframework.orm.jpa.LocalContainerEntityManagerFactoryBean@4e9005c8] bound to thread [Test worker]
2021-07-06 00:50:51.876 TRACE 20348 --- [    Test worker] .s.t.s.TransactionSynchronizationManager : Retrieved value [org.springframework.jdbc.datasource.ConnectionHolder@233e4878] for key [HikariDataSource (HikariPool-7)] bound to thread [Test worker]
2021-07-06 00:50:51.876 TRACE 20348 --- [    Test worker] o.s.t.i.TransactionInterceptor           : Getting transaction for [org.springframework.data.jpa.repository.support.SimpleJpaRepository.save]
2021-07-06 00:50:51.882 TRACE 20348 --- [    Test worker] .s.t.s.TransactionSynchronizationManager : Retrieved value [org.springframework.orm.jpa.EntityManagerHolder@279b3879] for key [org.springframework.orm.jpa.LocalContainerEntityManagerFactoryBean@4e9005c8] bound to thread [Test worker]
2021-07-06 00:50:51.882 DEBUG 20348 --- [    Test worker] org.hibernate.SQL                        : 
    select
        nextval ('hibernate_sequence')
2021-07-06 00:50:51.884 TRACE 20348 --- [    Test worker] o.s.t.i.TransactionInterceptor           : Completing transaction for [org.springframework.data.jpa.repository.support.SimpleJpaRepository.save]
2021-07-06 00:50:51.884 TRACE 20348 --- [    Test worker] .s.t.s.TransactionSynchronizationManager : Removed value [org.springframework.data.jpa.repository.support.CrudMethodMetadataPostProcessor$DefaultCrudMethodMetadata@3e3dd13c] for key [public abstract java.lang.Object org.springframework.data.repository.CrudRepository.save(java.lang.Object)] from thread [Test worker]
2021-07-06 00:50:51.892  INFO 20348 --- [    Test worker] d.lion5.spring.dvd.users.UserController  : Change user: junitadmin UserUpdateForm(newRole=ROLE_USER)
2021-07-06 00:50:51.896 TRACE 20348 --- [    Test worker] o.s.t.i.TransactionInterceptor           : No need to create transaction for [org.springframework.data.jpa.repository.support.SimpleJpaRepository.findUserByUsername]: This method is not transactional.
2021-07-06 00:50:51.896 TRACE 20348 --- [    Test worker] .s.t.s.TransactionSynchronizationManager : Retrieved value [org.springframework.orm.jpa.EntityManagerHolder@279b3879] for key [org.springframework.orm.jpa.LocalContainerEntityManagerFactoryBean@4e9005c8] bound to thread [Test worker]
2021-07-06 00:50:51.899 TRACE 20348 --- [    Test worker] .s.t.s.TransactionSynchronizationManager : Retrieved value [org.springframework.orm.jpa.EntityManagerHolder@279b3879] for key [org.springframework.orm.jpa.LocalContainerEntityManagerFactoryBean@4e9005c8] bound to thread [Test worker]
2021-07-06 00:50:51.899 DEBUG 20348 --- [    Test worker] org.hibernate.SQL                        : 
    insert 
    into
        public.users
        (full_name, password, phone_number, role, username, id) 
    values
        (?, ?, ?, ?, ?, ?)
2021-07-06 00:50:51.900 TRACE 20348 --- [    Test worker] o.h.type.descriptor.sql.BasicBinder      : binding parameter [1] as [VARCHAR] - [Test Admin]
2021-07-06 00:50:51.900 TRACE 20348 --- [    Test worker] o.h.type.descriptor.sql.BasicBinder      : binding parameter [2] as [VARCHAR] - [1#2Asdfjklö]
2021-07-06 00:50:51.900 TRACE 20348 --- [    Test worker] o.h.type.descriptor.sql.BasicBinder      : binding parameter [3] as [VARCHAR] - [+49]
2021-07-06 00:50:51.900 TRACE 20348 --- [    Test worker] o.h.type.descriptor.sql.BasicBinder      : binding parameter [4] as [VARCHAR] - [ROLE_ADMIN]
2021-07-06 00:50:51.900 TRACE 20348 --- [    Test worker] o.h.type.descriptor.sql.BasicBinder      : binding parameter [5] as [VARCHAR] - [junitadmin]
2021-07-06 00:50:51.900 TRACE 20348 --- [    Test worker] o.h.type.descriptor.sql.BasicBinder      : binding parameter [6] as [BIGINT] - [19]
2021-07-06 00:50:51.902 DEBUG 20348 --- [    Test worker] org.hibernate.SQL                        : 
    select
        user0_.id as id1_0_,
        user0_.full_name as full_nam2_0_,
        user0_.password as password3_0_,
        user0_.phone_number as phone_nu4_0_,
        user0_.role as role5_0_,
        user0_.username as username6_0_ 
    from
        public.users user0_ 
    where
        user0_.username=?
2021-07-06 00:50:51.902 TRACE 20348 --- [    Test worker] o.h.type.descriptor.sql.BasicBinder      : binding parameter [1] as [VARCHAR] - [junitadmin]
2021-07-06 00:50:51.908 TRACE 20348 --- [    Test worker] .s.t.s.TransactionSynchronizationManager : Clearing transaction synchronization
2021-07-06 00:50:51.909 TRACE 20348 --- [    Test worker] .s.t.s.TransactionSynchronizationManager : Removed value [org.springframework.orm.jpa.EntityManagerHolder@279b3879] for key [org.springframework.orm.jpa.LocalContainerEntityManagerFactoryBean@4e9005c8] from thread [Test worker]
2021-07-06 00:50:51.909 TRACE 20348 --- [    Test worker] .s.t.s.TransactionSynchronizationManager : Removed value [org.springframework.jdbc.datasource.ConnectionHolder@233e4878] for key [HikariDataSource (HikariPool-7)] from thread [Test worker]
2021-07-06 00:50:51.909  INFO 20348 --- [    Test worker] o.s.t.c.transaction.TransactionContext   : Rolled back transaction for test: [DefaultTestContext@84e340d testClass = UserControllerTest, testInstance = de.lion5.spring.dvd.unit.controller.UserControllerTest@3fb47f61, testMethod = postUsersRequest_changeUserRightsToAdmin@UserControllerTest, testException = [null], mergedContextConfiguration = [WebMergedContextConfiguration@6e988d67 testClass = UserControllerTest, locations = '{}', classes = '{class de.lion5.spring.dvd.DvdStoreApplication}', contextInitializerClasses = '[]', activeProfiles = '{}', propertySourceLocations = '{}', propertySourceProperties = '{org.springframework.boot.test.context.SpringBootTestContextBootstrapper=true}', contextCustomizers = set[org.springframework.boot.test.autoconfigure.properties.PropertyMappingContextCustomizer@4b3fa0b3, org.springframework.boot.test.autoconfigure.web.servlet.WebDriverContextCustomizerFactory$Customizer@74e1f71f, [ImportsContextCustomizer@10be283d key = [org.springframework.boot.test.autoconfigure.web.servlet.MockMvcAutoConfiguration, org.springframework.boot.test.autoconfigure.web.servlet.MockMvcWebClientAutoConfiguration, org.springframework.boot.test.autoconfigure.web.servlet.MockMvcWebDriverAutoConfiguration, org.springframework.boot.autoconfigure.security.oauth2.client.servlet.OAuth2ClientAutoConfiguration, org.springframework.boot.autoconfigure.security.oauth2.resource.servlet.OAuth2ResourceServerAutoConfiguration, org.springframework.boot.autoconfigure.security.servlet.SecurityAutoConfiguration, org.springframework.boot.autoconfigure.security.servlet.SecurityFilterAutoConfiguration, org.springframework.boot.autoconfigure.security.servlet.UserDetailsServiceAutoConfiguration, org.springframework.boot.test.autoconfigure.web.servlet.MockMvcSecurityConfiguration]], org.springframework.boot.test.context.filter.ExcludeFilterContextCustomizer@40bd1aa, org.springframework.boot.test.json.DuplicateJsonObjectContextCustomizerFactory$DuplicateJsonObjectContextCustomizer@65fccbd3, org.springframework.boot.test.mock.mockito.MockitoContextCustomizer@80cc32bc, org.springframework.boot.test.web.client.TestRestTemplateContextCustomizer@253df871, org.springframework.boot.test.context.SpringBootTestArgs@1], resourceBasePath = 'src/main/webapp', contextLoader = 'org.springframework.boot.test.context.SpringBootContextLoader', parent = [null]], attributes = map['org.springframework.test.context.web.ServletTestExecutionListener.activateListener' -> true, 'org.springframework.test.context.web.ServletTestExecutionListener.populatedRequestContextHolder' -> true, 'org.springframework.test.context.web.ServletTestExecutionListener.resetRequestContextHolder' -> true]]
2021-07-06 00:50:51.924 TRACE 20348 --- [    Test worker] .s.t.s.TransactionSynchronizationManager : Bound value [org.springframework.orm.jpa.EntityManagerHolder@23f62962] for key [org.springframework.orm.jpa.LocalContainerEntityManagerFactoryBean@4e9005c8] to thread [Test worker]
2021-07-06 00:50:51.942 TRACE 20348 --- [    Test worker] .s.t.s.TransactionSynchronizationManager : Removed value [org.springframework.orm.jpa.EntityManagerHolder@23f62962] for key [org.springframework.orm.jpa.LocalContainerEntityManagerFactoryBean@4e9005c8] from thread [Test worker]
2021-07-06 00:50:51.952 TRACE 20348 --- [    Test worker] .s.t.s.TransactionSynchronizationManager : Bound value [org.springframework.orm.jpa.EntityManagerHolder@4aaba4a7] for key [org.springframework.orm.jpa.LocalContainerEntityManagerFactoryBean@4e9005c8] to thread [Test worker]
2021-07-06 00:50:51.953  INFO 20348 --- [    Test worker] d.lion5.spring.dvd.users.UserController  : Change user: asdf UserUpdateForm(newRole=ROLE_USER)
2021-07-06 00:50:51.954 TRACE 20348 --- [    Test worker] .s.t.s.TransactionSynchronizationManager : Removed value [org.springframework.orm.jpa.EntityManagerHolder@4aaba4a7] for key [org.springframework.orm.jpa.LocalContainerEntityManagerFactoryBean@4e9005c8] from thread [Test worker]
]]></system-out>
  <system-err><![CDATA[]]></system-err>
</testsuite>
