<?xml version="1.0" encoding="UTF-8"?>
<testsuite name="de.lion5.spring.dvd.unit.service.FilmStudioServiceUnitTest" tests="3" skipped="0" failures="0" errors="0" timestamp="2021-07-05T22:50:52" hostname="DESKTOP-NSA96V2" time="0.049">
  <properties/>
  <testcase name="findById_saveAndRead(FilmStudioRepository)" classname="de.lion5.spring.dvd.unit.service.FilmStudioServiceUnitTest" time="0.028"/>
  <testcase name="findById_nullCheck()" classname="de.lion5.spring.dvd.unit.service.FilmStudioServiceUnitTest" time="0.007"/>
  <testcase name="findById_notFound()" classname="de.lion5.spring.dvd.unit.service.FilmStudioServiceUnitTest" time="0.013"/>
  <system-out><![CDATA[2021-07-06 00:50:52.022  INFO 20348 --- [    Test worker] .b.t.c.SpringBootTestContextBootstrapper : Neither @ContextConfiguration nor @ContextHierarchy found for test class [de.lion5.spring.dvd.unit.service.FilmStudioServiceUnitTest], using SpringBootContextLoader
2021-07-06 00:50:52.024  INFO 20348 --- [    Test worker] o.s.t.c.support.AbstractContextLoader    : Could not detect default resource locations for test class [de.lion5.spring.dvd.unit.service.FilmStudioServiceUnitTest]: no resource found for suffixes {-context.xml, Context.groovy}.
2021-07-06 00:50:52.024  INFO 20348 --- [    Test worker] t.c.s.AnnotationConfigContextLoaderUtils : Could not detect default configuration classes for test class [de.lion5.spring.dvd.unit.service.FilmStudioServiceUnitTest]: FilmStudioServiceUnitTest does not declare any static, non-private, non-final, nested classes annotated with @Configuration.
2021-07-06 00:50:52.027  INFO 20348 --- [    Test worker] .b.t.c.SpringBootTestContextBootstrapper : Found @SpringBootConfiguration de.lion5.spring.dvd.DvdStoreApplication for test class de.lion5.spring.dvd.unit.service.FilmStudioServiceUnitTest
2021-07-06 00:50:52.031  INFO 20348 --- [    Test worker] .b.t.c.SpringBootTestContextBootstrapper : Loaded default TestExecutionListener class names from location [META-INF/spring.factories]: [org.springframework.security.test.context.support.WithSecurityContextTestExecutionListener, org.springframework.security.test.context.support.ReactorContextTestExecutionListener, org.springframework.boot.test.autoconfigure.restdocs.RestDocsTestExecutionListener, org.springframework.boot.test.autoconfigure.web.client.MockRestServiceServerResetTestExecutionListener, org.springframework.boot.test.autoconfigure.web.servlet.MockMvcPrintOnlyOnFailureTestExecutionListener, org.springframework.boot.test.autoconfigure.web.servlet.WebDriverTestExecutionListener, org.springframework.boot.test.autoconfigure.webservices.client.MockWebServiceServerTestExecutionListener, org.springframework.boot.test.mock.mockito.MockitoTestExecutionListener, org.springframework.boot.test.mock.mockito.ResetMocksTestExecutionListener, org.springframework.test.context.web.ServletTestExecutionListener, org.springframework.test.context.support.DirtiesContextBeforeModesTestExecutionListener, org.springframework.test.context.support.DependencyInjectionTestExecutionListener, org.springframework.test.context.support.DirtiesContextTestExecutionListener, org.springframework.test.context.transaction.TransactionalTestExecutionListener, org.springframework.test.context.jdbc.SqlScriptsTestExecutionListener, org.springframework.test.context.event.EventPublishingTestExecutionListener]
2021-07-06 00:50:52.032  INFO 20348 --- [    Test worker] .b.t.c.SpringBootTestContextBootstrapper : Using TestExecutionListeners: [org.springframework.test.context.web.ServletTestExecutionListener@7942d4ac, org.springframework.test.context.support.DirtiesContextBeforeModesTestExecutionListener@237c3dea, org.springframework.boot.test.mock.mockito.MockitoTestExecutionListener@3fafe090, org.springframework.boot.test.autoconfigure.SpringBootDependencyInjectionTestExecutionListener@67771b12, org.springframework.test.context.support.DirtiesContextTestExecutionListener@8ff44e4, org.springframework.test.context.transaction.TransactionalTestExecutionListener@4aaebb7c, org.springframework.test.context.jdbc.SqlScriptsTestExecutionListener@ac569d9, org.springframework.security.test.context.support.WithSecurityContextTestExecutionListener@55b54c18, org.springframework.test.context.event.EventPublishingTestExecutionListener@279fea2e, org.springframework.security.test.context.support.ReactorContextTestExecutionListener@1855c0fa, org.springframework.boot.test.autoconfigure.restdocs.RestDocsTestExecutionListener@39fff988, org.springframework.boot.test.autoconfigure.web.client.MockRestServiceServerResetTestExecutionListener@4655b723, org.springframework.boot.test.autoconfigure.web.servlet.MockMvcPrintOnlyOnFailureTestExecutionListener@1e43fb5d, org.springframework.boot.test.autoconfigure.web.servlet.WebDriverTestExecutionListener@2827ba7f, org.springframework.boot.test.autoconfigure.webservices.client.MockWebServiceServerTestExecutionListener@6e52354a, org.springframework.boot.test.mock.mockito.ResetMocksTestExecutionListener@5d57b0c]
2021-07-06 00:50:52.036 TRACE 20348 --- [    Test worker] t.a.AnnotationTransactionAttributeSource : Adding transactional method 'de.lion5.spring.dvd.unit.service.FilmStudioServiceUnitTest.findById_saveAndRead' with attribute: PROPAGATION_REQUIRED,ISOLATION_DEFAULT
2021-07-06 00:50:52.036 TRACE 20348 --- [    Test worker] .s.t.s.TransactionSynchronizationManager : Bound value [org.springframework.jdbc.datasource.ConnectionHolder@11ac474c] for key [HikariDataSource (HikariPool-1)] to thread [Test worker]
2021-07-06 00:50:52.037 TRACE 20348 --- [    Test worker] .s.t.s.TransactionSynchronizationManager : Bound value [org.springframework.orm.jpa.EntityManagerHolder@6eabd856] for key [org.springframework.orm.jpa.LocalContainerEntityManagerFactoryBean@4b5bded9] to thread [Test worker]
2021-07-06 00:50:52.037 TRACE 20348 --- [    Test worker] .s.t.s.TransactionSynchronizationManager : Initializing transaction synchronization
2021-07-06 00:50:52.037  INFO 20348 --- [    Test worker] o.s.t.c.transaction.TransactionContext   : Began transaction (1) for test context [DefaultTestContext@4008d394 testClass = FilmStudioServiceUnitTest, testInstance = de.lion5.spring.dvd.unit.service.FilmStudioServiceUnitTest@2ba1285c, testMethod = findById_saveAndRead@FilmStudioServiceUnitTest, testException = [null], mergedContextConfiguration = [WebMergedContextConfiguration@58449c43 testClass = FilmStudioServiceUnitTest, locations = '{}', classes = '{class de.lion5.spring.dvd.DvdStoreApplication}', contextInitializerClasses = '[]', activeProfiles = '{}', propertySourceLocations = '{}', propertySourceProperties = '{org.springframework.boot.test.context.SpringBootTestContextBootstrapper=true}', contextCustomizers = set[org.springframework.boot.test.autoconfigure.properties.PropertyMappingContextCustomizer@0, org.springframework.boot.test.autoconfigure.web.servlet.WebDriverContextCustomizerFactory$Customizer@74e1f71f, org.springframework.boot.test.context.filter.ExcludeFilterContextCustomizer@40bd1aa, org.springframework.boot.test.json.DuplicateJsonObjectContextCustomizerFactory$DuplicateJsonObjectContextCustomizer@65fccbd3, org.springframework.boot.test.mock.mockito.MockitoContextCustomizer@0, org.springframework.boot.test.web.client.TestRestTemplateContextCustomizer@253df871, org.springframework.boot.test.context.SpringBootTestArgs@1], resourceBasePath = 'src/main/webapp', contextLoader = 'org.springframework.boot.test.context.SpringBootContextLoader', parent = [null]], attributes = map['org.springframework.test.context.web.ServletTestExecutionListener.activateListener' -> true, 'org.springframework.test.context.web.ServletTestExecutionListener.populatedRequestContextHolder' -> true, 'org.springframework.test.context.web.ServletTestExecutionListener.resetRequestContextHolder' -> true]]; transaction manager [org.springframework.orm.jpa.JpaTransactionManager@94dbdc6]; rollback [true]
2021-07-06 00:50:52.047 TRACE 20348 --- [    Test worker] .s.t.s.TransactionSynchronizationManager : Bound value [org.springframework.data.jpa.repository.support.CrudMethodMetadataPostProcessor$DefaultCrudMethodMetadata@693d9663] for key [public abstract java.lang.Object org.springframework.data.jpa.repository.JpaRepository.saveAndFlush(java.lang.Object)] to thread [Test worker]
2021-07-06 00:50:52.047 TRACE 20348 --- [    Test worker] .s.t.s.TransactionSynchronizationManager : Retrieved value [org.springframework.orm.jpa.EntityManagerHolder@6eabd856] for key [org.springframework.orm.jpa.LocalContainerEntityManagerFactoryBean@4b5bded9] bound to thread [Test worker]
2021-07-06 00:50:52.048 TRACE 20348 --- [    Test worker] .s.t.s.TransactionSynchronizationManager : Retrieved value [org.springframework.jdbc.datasource.ConnectionHolder@11ac474c] for key [HikariDataSource (HikariPool-1)] bound to thread [Test worker]
2021-07-06 00:50:52.048 TRACE 20348 --- [    Test worker] o.s.t.i.TransactionInterceptor           : Getting transaction for [org.springframework.data.jpa.repository.support.SimpleJpaRepository.saveAndFlush]
2021-07-06 00:50:52.051 TRACE 20348 --- [    Test worker] .s.t.s.TransactionSynchronizationManager : Retrieved value [org.springframework.orm.jpa.EntityManagerHolder@6eabd856] for key [org.springframework.orm.jpa.LocalContainerEntityManagerFactoryBean@4b5bded9] bound to thread [Test worker]
2021-07-06 00:50:52.051 DEBUG 20348 --- [    Test worker] org.hibernate.SQL                        : 
    select
        filmstudio0_.id as id1_2_0_,
        filmstudio0_.name as name2_2_0_,
        filmstudio0_.since as since3_2_0_ 
    from
        film_studio filmstudio0_ 
    where
        filmstudio0_.id=?
2021-07-06 00:50:52.051 TRACE 20348 --- [    Test worker] o.h.type.descriptor.sql.BasicBinder      : binding parameter [1] as [BIGINT] - [99]
2021-07-06 00:50:52.052 TRACE 20348 --- [    Test worker] .s.t.s.TransactionSynchronizationManager : Retrieved value [org.springframework.orm.jpa.EntityManagerHolder@6eabd856] for key [org.springframework.orm.jpa.LocalContainerEntityManagerFactoryBean@4b5bded9] bound to thread [Test worker]
2021-07-06 00:50:52.053 DEBUG 20348 --- [    Test worker] org.hibernate.SQL                        : 
    insert 
    into
        film_studio
        (name, since, id) 
    values
        (?, ?, ?)
2021-07-06 00:50:52.053 TRACE 20348 --- [    Test worker] o.h.type.descriptor.sql.BasicBinder      : binding parameter [1] as [VARCHAR] - [Warner]
2021-07-06 00:50:52.053 TRACE 20348 --- [    Test worker] o.h.type.descriptor.sql.BasicBinder      : binding parameter [2] as [DATE] - [2021-07-06]
2021-07-06 00:50:52.053 TRACE 20348 --- [    Test worker] o.h.type.descriptor.sql.BasicBinder      : binding parameter [3] as [BIGINT] - [99]
2021-07-06 00:50:52.055 TRACE 20348 --- [    Test worker] o.s.t.i.TransactionInterceptor           : Completing transaction for [org.springframework.data.jpa.repository.support.SimpleJpaRepository.saveAndFlush]
2021-07-06 00:50:52.055 TRACE 20348 --- [    Test worker] .s.t.s.TransactionSynchronizationManager : Removed value [org.springframework.data.jpa.repository.support.CrudMethodMetadataPostProcessor$DefaultCrudMethodMetadata@693d9663] for key [public abstract java.lang.Object org.springframework.data.jpa.repository.JpaRepository.saveAndFlush(java.lang.Object)] from thread [Test worker]
2021-07-06 00:50:52.055 TRACE 20348 --- [    Test worker] .s.t.s.TransactionSynchronizationManager : Bound value [org.springframework.data.jpa.repository.support.CrudMethodMetadataPostProcessor$DefaultCrudMethodMetadata@75b4cb89] for key [public abstract java.util.Optional de.lion5.spring.dvd.repository.FilmStudioRepository.findById(java.lang.Long)] to thread [Test worker]
2021-07-06 00:50:52.056 TRACE 20348 --- [    Test worker] .s.t.s.TransactionSynchronizationManager : Retrieved value [org.springframework.orm.jpa.EntityManagerHolder@6eabd856] for key [org.springframework.orm.jpa.LocalContainerEntityManagerFactoryBean@4b5bded9] bound to thread [Test worker]
2021-07-06 00:50:52.056 TRACE 20348 --- [    Test worker] .s.t.s.TransactionSynchronizationManager : Retrieved value [org.springframework.jdbc.datasource.ConnectionHolder@11ac474c] for key [HikariDataSource (HikariPool-1)] bound to thread [Test worker]
2021-07-06 00:50:52.056 TRACE 20348 --- [    Test worker] o.s.t.i.TransactionInterceptor           : Getting transaction for [org.springframework.data.jpa.repository.support.SimpleJpaRepository.findById]
2021-07-06 00:50:52.056 TRACE 20348 --- [    Test worker] .s.t.s.TransactionSynchronizationManager : Retrieved value [org.springframework.data.jpa.repository.support.CrudMethodMetadataPostProcessor$DefaultCrudMethodMetadata@75b4cb89] for key [public abstract java.util.Optional de.lion5.spring.dvd.repository.FilmStudioRepository.findById(java.lang.Long)] bound to thread [Test worker]
2021-07-06 00:50:52.056 TRACE 20348 --- [    Test worker] .s.t.s.TransactionSynchronizationManager : Retrieved value [org.springframework.data.jpa.repository.support.CrudMethodMetadataPostProcessor$DefaultCrudMethodMetadata@75b4cb89] for key [public abstract java.util.Optional de.lion5.spring.dvd.repository.FilmStudioRepository.findById(java.lang.Long)] bound to thread [Test worker]
2021-07-06 00:50:52.056 TRACE 20348 --- [    Test worker] .s.t.s.TransactionSynchronizationManager : Retrieved value [org.springframework.data.jpa.repository.support.CrudMethodMetadataPostProcessor$DefaultCrudMethodMetadata@75b4cb89] for key [public abstract java.util.Optional de.lion5.spring.dvd.repository.FilmStudioRepository.findById(java.lang.Long)] bound to thread [Test worker]
2021-07-06 00:50:52.056 TRACE 20348 --- [    Test worker] .s.t.s.TransactionSynchronizationManager : Retrieved value [org.springframework.data.jpa.repository.support.CrudMethodMetadataPostProcessor$DefaultCrudMethodMetadata@75b4cb89] for key [public abstract java.util.Optional de.lion5.spring.dvd.repository.FilmStudioRepository.findById(java.lang.Long)] bound to thread [Test worker]
2021-07-06 00:50:52.057 TRACE 20348 --- [    Test worker] .s.t.s.TransactionSynchronizationManager : Retrieved value [org.springframework.orm.jpa.EntityManagerHolder@6eabd856] for key [org.springframework.orm.jpa.LocalContainerEntityManagerFactoryBean@4b5bded9] bound to thread [Test worker]
2021-07-06 00:50:52.057 TRACE 20348 --- [    Test worker] .s.t.s.TransactionSynchronizationManager : Retrieved value [org.springframework.orm.jpa.EntityManagerHolder@6eabd856] for key [org.springframework.orm.jpa.LocalContainerEntityManagerFactoryBean@4b5bded9] bound to thread [Test worker]
2021-07-06 00:50:52.058 TRACE 20348 --- [    Test worker] o.s.t.i.TransactionInterceptor           : Completing transaction for [org.springframework.data.jpa.repository.support.SimpleJpaRepository.findById]
2021-07-06 00:50:52.058 TRACE 20348 --- [    Test worker] .s.t.s.TransactionSynchronizationManager : Removed value [org.springframework.data.jpa.repository.support.CrudMethodMetadataPostProcessor$DefaultCrudMethodMetadata@75b4cb89] for key [public abstract java.util.Optional de.lion5.spring.dvd.repository.FilmStudioRepository.findById(java.lang.Long)] from thread [Test worker]
2021-07-06 00:50:52.062 TRACE 20348 --- [    Test worker] .s.t.s.TransactionSynchronizationManager : Clearing transaction synchronization
2021-07-06 00:50:52.062 TRACE 20348 --- [    Test worker] .s.t.s.TransactionSynchronizationManager : Removed value [org.springframework.orm.jpa.EntityManagerHolder@6eabd856] for key [org.springframework.orm.jpa.LocalContainerEntityManagerFactoryBean@4b5bded9] from thread [Test worker]
2021-07-06 00:50:52.062 TRACE 20348 --- [    Test worker] .s.t.s.TransactionSynchronizationManager : Removed value [org.springframework.jdbc.datasource.ConnectionHolder@11ac474c] for key [HikariDataSource (HikariPool-1)] from thread [Test worker]
2021-07-06 00:50:52.062  INFO 20348 --- [    Test worker] o.s.t.c.transaction.TransactionContext   : Rolled back transaction for test: [DefaultTestContext@4008d394 testClass = FilmStudioServiceUnitTest, testInstance = de.lion5.spring.dvd.unit.service.FilmStudioServiceUnitTest@2ba1285c, testMethod = findById_saveAndRead@FilmStudioServiceUnitTest, testException = [null], mergedContextConfiguration = [WebMergedContextConfiguration@58449c43 testClass = FilmStudioServiceUnitTest, locations = '{}', classes = '{class de.lion5.spring.dvd.DvdStoreApplication}', contextInitializerClasses = '[]', activeProfiles = '{}', propertySourceLocations = '{}', propertySourceProperties = '{org.springframework.boot.test.context.SpringBootTestContextBootstrapper=true}', contextCustomizers = set[org.springframework.boot.test.autoconfigure.properties.PropertyMappingContextCustomizer@0, org.springframework.boot.test.autoconfigure.web.servlet.WebDriverContextCustomizerFactory$Customizer@74e1f71f, org.springframework.boot.test.context.filter.ExcludeFilterContextCustomizer@40bd1aa, org.springframework.boot.test.json.DuplicateJsonObjectContextCustomizerFactory$DuplicateJsonObjectContextCustomizer@65fccbd3, org.springframework.boot.test.mock.mockito.MockitoContextCustomizer@0, org.springframework.boot.test.web.client.TestRestTemplateContextCustomizer@253df871, org.springframework.boot.test.context.SpringBootTestArgs@1], resourceBasePath = 'src/main/webapp', contextLoader = 'org.springframework.boot.test.context.SpringBootContextLoader', parent = [null]], attributes = map['org.springframework.test.context.web.ServletTestExecutionListener.activateListener' -> true, 'org.springframework.test.context.web.ServletTestExecutionListener.populatedRequestContextHolder' -> true, 'org.springframework.test.context.web.ServletTestExecutionListener.resetRequestContextHolder' -> true]]
2021-07-06 00:50:52.074 TRACE 20348 --- [    Test worker] .s.t.s.TransactionSynchronizationManager : Bound value [org.springframework.data.jpa.repository.support.CrudMethodMetadataPostProcessor$DefaultCrudMethodMetadata@75b4cb89] for key [public abstract java.util.Optional de.lion5.spring.dvd.repository.FilmStudioRepository.findById(java.lang.Long)] to thread [Test worker]
2021-07-06 00:50:52.074 TRACE 20348 --- [    Test worker] .s.t.s.TransactionSynchronizationManager : Bound value [org.springframework.jdbc.datasource.ConnectionHolder@d509c51] for key [HikariDataSource (HikariPool-1)] to thread [Test worker]
2021-07-06 00:50:52.074 TRACE 20348 --- [    Test worker] .s.t.s.TransactionSynchronizationManager : Bound value [org.springframework.orm.jpa.EntityManagerHolder@29c2c819] for key [org.springframework.orm.jpa.LocalContainerEntityManagerFactoryBean@4b5bded9] to thread [Test worker]
2021-07-06 00:50:52.074 TRACE 20348 --- [    Test worker] .s.t.s.TransactionSynchronizationManager : Initializing transaction synchronization
2021-07-06 00:50:52.074 TRACE 20348 --- [    Test worker] o.s.t.i.TransactionInterceptor           : Getting transaction for [org.springframework.data.jpa.repository.support.SimpleJpaRepository.findById]
2021-07-06 00:50:52.075 TRACE 20348 --- [    Test worker] .s.t.s.TransactionSynchronizationManager : Retrieved value [org.springframework.data.jpa.repository.support.CrudMethodMetadataPostProcessor$DefaultCrudMethodMetadata@75b4cb89] for key [public abstract java.util.Optional de.lion5.spring.dvd.repository.FilmStudioRepository.findById(java.lang.Long)] bound to thread [Test worker]
2021-07-06 00:50:52.075 TRACE 20348 --- [    Test worker] .s.t.s.TransactionSynchronizationManager : Retrieved value [org.springframework.data.jpa.repository.support.CrudMethodMetadataPostProcessor$DefaultCrudMethodMetadata@75b4cb89] for key [public abstract java.util.Optional de.lion5.spring.dvd.repository.FilmStudioRepository.findById(java.lang.Long)] bound to thread [Test worker]
2021-07-06 00:50:52.075 TRACE 20348 --- [    Test worker] .s.t.s.TransactionSynchronizationManager : Retrieved value [org.springframework.data.jpa.repository.support.CrudMethodMetadataPostProcessor$DefaultCrudMethodMetadata@75b4cb89] for key [public abstract java.util.Optional de.lion5.spring.dvd.repository.FilmStudioRepository.findById(java.lang.Long)] bound to thread [Test worker]
2021-07-06 00:50:52.075 TRACE 20348 --- [    Test worker] .s.t.s.TransactionSynchronizationManager : Retrieved value [org.springframework.data.jpa.repository.support.CrudMethodMetadataPostProcessor$DefaultCrudMethodMetadata@75b4cb89] for key [public abstract java.util.Optional de.lion5.spring.dvd.repository.FilmStudioRepository.findById(java.lang.Long)] bound to thread [Test worker]
2021-07-06 00:50:52.075 TRACE 20348 --- [    Test worker] .s.t.s.TransactionSynchronizationManager : Retrieved value [org.springframework.orm.jpa.EntityManagerHolder@29c2c819] for key [org.springframework.orm.jpa.LocalContainerEntityManagerFactoryBean@4b5bded9] bound to thread [Test worker]
2021-07-06 00:50:52.075 TRACE 20348 --- [    Test worker] .s.t.s.TransactionSynchronizationManager : Retrieved value [org.springframework.orm.jpa.EntityManagerHolder@29c2c819] for key [org.springframework.orm.jpa.LocalContainerEntityManagerFactoryBean@4b5bded9] bound to thread [Test worker]
2021-07-06 00:50:52.077 DEBUG 20348 --- [    Test worker] org.hibernate.SQL                        : 
    select
        filmstudio0_.id as id1_2_0_,
        filmstudio0_.name as name2_2_0_,
        filmstudio0_.since as since3_2_0_,
        movies1_.film_studio_id as film_stu7_3_1_,
        movies1_.id as id1_3_1_,
        movies1_.id as id1_3_2_,
        movies1_.cover_image as cover_im2_3_2_,
        movies1_.created_by_id as created_6_3_2_,
        movies1_.film_studio_id as film_stu7_3_2_,
        movies1_.title as title3_3_2_,
        movies1_.won_oscar as won_osca4_3_2_,
        movies1_.year as year5_3_2_ 
    from
        film_studio filmstudio0_ 
    left outer join
        movie movies1_ 
            on filmstudio0_.id=movies1_.film_studio_id 
    where
        filmstudio0_.id=?
2021-07-06 00:50:52.077 TRACE 20348 --- [    Test worker] o.h.type.descriptor.sql.BasicBinder      : binding parameter [1] as [BIGINT] - [0]
2021-07-06 00:50:52.078 TRACE 20348 --- [    Test worker] o.s.t.i.TransactionInterceptor           : Completing transaction for [org.springframework.data.jpa.repository.support.SimpleJpaRepository.findById]
2021-07-06 00:50:52.079 TRACE 20348 --- [    Test worker] .s.t.s.TransactionSynchronizationManager : Clearing transaction synchronization
2021-07-06 00:50:52.079 TRACE 20348 --- [    Test worker] .s.t.s.TransactionSynchronizationManager : Removed value [org.springframework.orm.jpa.EntityManagerHolder@29c2c819] for key [org.springframework.orm.jpa.LocalContainerEntityManagerFactoryBean@4b5bded9] from thread [Test worker]
2021-07-06 00:50:52.079 TRACE 20348 --- [    Test worker] .s.t.s.TransactionSynchronizationManager : Removed value [org.springframework.jdbc.datasource.ConnectionHolder@d509c51] for key [HikariDataSource (HikariPool-1)] from thread [Test worker]
2021-07-06 00:50:52.079 TRACE 20348 --- [    Test worker] .s.t.s.TransactionSynchronizationManager : Removed value [org.springframework.data.jpa.repository.support.CrudMethodMetadataPostProcessor$DefaultCrudMethodMetadata@75b4cb89] for key [public abstract java.util.Optional de.lion5.spring.dvd.repository.FilmStudioRepository.findById(java.lang.Long)] from thread [Test worker]
]]></system-out>
  <system-err><![CDATA[]]></system-err>
</testsuite>
